2025-12-07 10:45:21 INFO     Extension hotreload chargée
2025-12-07 10:45:21 INFO     Extension premier chargée
2025-12-07 10:45:21 INFO     Extension roulette chargée
2025-12-07 10:45:22 INFO     7 commandes synchroisées
2025-12-07 10:45:24 INFO     Connecté en tant que RandomValo
2025-12-07 10:46:19 INFO     Extension hotreload chargée
2025-12-07 10:46:19 INFO     Extension premier chargée
2025-12-07 10:46:19 INFO     Extension roulette chargée
2025-12-07 10:46:19 INFO     7 commandes synchroisées
2025-12-07 10:46:22 INFO     Connecté en tant que RandomValo
2025-12-07 10:47:18 INFO     Extension hotreload chargée
2025-12-07 10:47:18 INFO     Extension premier chargée
2025-12-07 10:47:18 INFO     Extension roulette chargée
2025-12-07 10:47:18 INFO     7 commandes synchroisées
2025-12-07 10:47:21 INFO     Connecté en tant que RandomValo
2025-12-07 11:16:39 INFO     Extension hotreload chargée
2025-12-07 11:16:39 INFO     Extension premier chargée
2025-12-07 11:16:39 INFO     Extension roulette chargée
2025-12-07 11:16:39 INFO     7 commandes synchroisées
2025-12-07 11:16:42 INFO     Connecté en tant que RandomValo
2025-12-07 11:18:37 INFO     Extension hotreload chargée
2025-12-07 11:18:37 INFO     Extension premier chargée
2025-12-07 11:18:38 INFO     Extension roulette chargée
2025-12-07 11:18:38 INFO     7 commandes synchroisées
2025-12-07 11:18:41 INFO     Connecté en tant que RandomValo
2025-12-07 11:19:20 INFO     Reloaded extension: roulette
2025-12-07 12:02:11 INFO     Reloaded extension: roulette
2025-12-07 12:36:53 INFO     Reloaded extension: roulette
2025-12-07 12:36:56 INFO     Reloaded extension: roulette
2025-12-07 12:37:35 INFO     Reloaded extension: roulette
2025-12-07 12:37:38 INFO     Reloaded extension: roulette
2025-12-07 12:37:41 INFO     Reloaded extension: roulette
2025-12-07 12:37:44 INFO     Reloaded extension: roulette
2025-12-07 12:38:08 INFO     Reloaded extension: roulette
2025-12-07 12:38:41 INFO     Reloaded extension: roulette
2025-12-07 12:38:47 INFO     Reloaded extension: roulette
2025-12-07 12:38:53 INFO     Reloaded extension: roulette
2025-12-07 12:38:56 INFO     Reloaded extension: roulette
2025-12-07 12:38:59 INFO     Reloaded extension: roulette
2025-12-07 12:41:50 INFO     Reloaded extension: roulette
2025-12-07 12:41:53 INFO     Reloaded extension: roulette
2025-12-07 12:41:59 INFO     Reloaded extension: roulette
2025-12-07 12:42:02 INFO     Reloaded extension: roulette
2025-12-07 12:42:14 INFO     Reloaded extension: roulette
2025-12-07 12:42:38 INFO     Reloaded extension: roulette
2025-12-07 12:43:14 INFO     Reloaded extension: roulette
2025-12-07 12:43:17 INFO     Reloaded extension: roulette
2025-12-07 12:45:05 INFO     Reloaded extension: roulette
